<?xml version="1.0" encoding="UTF-8"?>
<testng-results ignored="0" total="1" passed="1" failed="0" skipped="0">
  <reporter-output>
  </reporter-output>
  <suite started-at="2025-07-07T10:52:55 IST" name="Default suite" finished-at="2025-07-07T10:53:03 IST" duration-ms="8128">
    <groups>
    </groups>
    <test started-at="2025-07-07T10:52:55 IST" name="Default test" finished-at="2025-07-07T10:53:03 IST" duration-ms="8128">
      <class name="testcases.checkouttestcase">
        <test-method is-config="true" signature="settingup()[pri:0, instance:testcases.checkouttestcase@6a6cb05c]" started-at="2025-07-07T10:52:55 IST" name="settingup" finished-at="2025-07-07T10:53:02 IST" duration-ms="6880" status="PASS">
          <reporter-output>
          </reporter-output>
        </test-method> <!-- settingup -->
        <test-method signature="checkingout()[pri:0, instance:testcases.checkouttestcase@6a6cb05c]" started-at="2025-07-07T10:53:02 IST" name="checkingout" finished-at="2025-07-07T10:53:03 IST" duration-ms="1074" status="PASS">
          <reporter-output>
          </reporter-output>
        </test-method> <!-- checkingout -->
        <test-method is-config="true" signature="quitting()[pri:0, instance:testcases.checkouttestcase@6a6cb05c]" started-at="2025-07-07T10:53:03 IST" name="quitting" finished-at="2025-07-07T10:53:03 IST" duration-ms="133" status="PASS">
          <reporter-output>
          </reporter-output>
        </test-method> <!-- quitting -->
      </class> <!-- testcases.checkouttestcase -->
    </test> <!-- Default test -->
  </suite> <!-- Default suite -->
</testng-results>
